<?xml version="1.0" encoding="UTF-8"?>
<coverage generated="1773942794179" clover="3.2.0">
  <project timestamp="1773942794179" name="All files">
    <metrics statements="29" coveredstatements="29" conditionals="14" coveredconditionals="14" methods="9" coveredmethods="9" elements="52" coveredelements="52" complexity="0" loc="29" ncloc="29" packages="1" files="1" classes="1"/>
    <file name="TelemetryContext.jsx" path="C:\Users\sarlo\OneDrive\Escritorio\Test\src\TelemetryContext.jsx">
      <metrics statements="29" coveredstatements="29" conditionals="14" coveredconditionals="14" methods="9" coveredmethods="9"/>
      <line num="3" count="1" type="stmt"/>
      <line num="5" count="13" type="stmt"/>
      <line num="7" count="1" type="stmt"/>
      <line num="8" count="11" type="stmt"/>
      <line num="9" count="11" type="stmt"/>
      <line num="15" count="11" type="stmt"/>
      <line num="16" count="11" type="stmt"/>
      <line num="24" count="11" type="stmt"/>
      <line num="25" count="7" type="stmt"/>
      <line num="26" count="7" type="stmt"/>
      <line num="35" count="11" type="cond" truecount="2" falsecount="0"/>
      <line num="36" count="2" type="stmt"/>
      <line num="37" count="2" type="stmt"/>
      <line num="39" count="2" type="stmt"/>
      <line num="50" count="11" type="stmt"/>
      <line num="51" count="3" type="cond" truecount="2" falsecount="0"/>
      <line num="52" count="2" type="stmt"/>
      <line num="56" count="11" type="stmt"/>
      <line num="57" count="5" type="cond" truecount="2" falsecount="0"/>
      <line num="59" count="4" type="stmt"/>
      <line num="60" count="4" type="stmt"/>
      <line num="61" count="4" type="cond" truecount="4" falsecount="0"/>
      <line num="62" count="3" type="stmt"/>
      <line num="67" count="11" type="stmt"/>
      <line num="68" count="2" type="cond" truecount="2" falsecount="0"/>
      <line num="69" count="1" type="stmt"/>
      <line num="73" count="11" type="stmt"/>
      <line num="74" count="28" type="stmt"/>
      <line num="77" count="11" type="stmt"/>
    </file>
  </project>
</coverage>
