{"C:\\Users\\sarlo\\OneDrive\\Escritorio\\Test\\src\\TelemetryContext.jsx": {"path":"C:\\Users\\sarlo\\OneDrive\\Escritorio\\Test\\src\\TelemetryContext.jsx","statementMap":{"0":{"start":{"line":3,"column":6},"end":{"line":3,"column":44}},"1":{"start":{"line":5,"column":13},"end":{"line":5,"column":62}},"2":{"start":{"line":7,"column":13},"end":{"line":97,"column":null}},"3":{"start":{"line":8,"column":17},"end":{"line":8,"column":45}},"4":{"start":{"line":9,"column":22},"end":{"line":13,"column":4}},"5":{"start":{"line":15,"column":8},"end":{"line":15,"column":41}},"6":{"start":{"line":16,"column":8},"end":{"line":22,"column":4}},"7":{"start":{"line":24,"column":8},"end":{"line":33,"column":8}},"8":{"start":{"line":25,"column":4},"end":{"line":25,"column":null}},"9":{"start":{"line":26,"column":4},"end":{"line":32,"column":null}},"10":{"start":{"line":35,"column":8},"end":{"line":48,"column":8}},"11":{"start":{"line":36,"column":4},"end":{"line":36,"column":null}},"12":{"start":{"line":37,"column":21},"end":{"line":37,"column":null}},"13":{"start":{"line":39,"column":4},"end":{"line":47,"column":null}},"14":{"start":{"line":39,"column":28},"end":{"line":47,"column":7}},"15":{"start":{"line":50,"column":8},"end":{"line":54,"column":8}},"16":{"start":{"line":51,"column":4},"end":{"line":52,"column":null}},"17":{"start":{"line":52,"column":6},"end":{"line":52,"column":null}},"18":{"start":{"line":56,"column":8},"end":{"line":65,"column":8}},"19":{"start":{"line":57,"column":4},"end":{"line":62,"column":null}},"20":{"start":{"line":59,"column":23},"end":{"line":59,"column":null}},"21":{"start":{"line":60,"column":18},"end":{"line":60,"column":28}},"22":{"start":{"line":61,"column":6},"end":{"line":62,"column":null}},"23":{"start":{"line":62,"column":8},"end":{"line":62,"column":null}},"24":{"start":{"line":67,"column":8},"end":{"line":71,"column":8}},"25":{"start":{"line":68,"column":4},"end":{"line":69,"column":null}},"26":{"start":{"line":69,"column":6},"end":{"line":69,"column":null}},"27":{"start":{"line":73,"column":8},"end":{"line":75,"column":8}},"28":{"start":{"line":74,"column":4},"end":{"line":74,"column":null}},"29":{"start":{"line":77,"column":2},"end":{"line":97,"column":null}}},"fnMap":{"0":{"name":"(anonymous_0)","decl":{"start":{"line":5,"column":13},"end":{"line":5,"column":34}},"loc":{"start":{"line":5,"column":13},"end":{"line":5,"column":62}},"line":5},"1":{"name":"(anonymous_1)","decl":{"start":{"line":7,"column":13},"end":{"line":7,"column":34}},"loc":{"start":{"line":7,"column":51},"end":{"line":97,"column":null}},"line":7},"2":{"name":"(anonymous_2)","decl":{"start":{"line":24,"column":24},"end":{"line":24,"column":42}},"loc":{"start":{"line":24,"column":42},"end":{"line":33,"column":7}},"line":24},"3":{"name":"(anonymous_3)","decl":{"start":{"line":35,"column":23},"end":{"line":35,"column":36}},"loc":{"start":{"line":35,"column":83},"end":{"line":48,"column":7}},"line":35},"4":{"name":"(anonymous_4)","decl":{"start":{"line":39,"column":4},"end":{"line":39,"column":19}},"loc":{"start":{"line":39,"column":28},"end":{"line":47,"column":7}},"line":39},"5":{"name":"(anonymous_5)","decl":{"start":{"line":50,"column":22},"end":{"line":50,"column":40}},"loc":{"start":{"line":50,"column":40},"end":{"line":54,"column":7}},"line":50},"6":{"name":"(anonymous_6)","decl":{"start":{"line":56,"column":26},"end":{"line":56,"column":39}},"loc":{"start":{"line":56,"column":45},"end":{"line":65,"column":7}},"line":56},"7":{"name":"(anonymous_7)","decl":{"start":{"line":67,"column":22},"end":{"line":67,"column":35}},"loc":{"start":{"line":67,"column":41},"end":{"line":71,"column":7}},"line":67},"8":{"name":"(anonymous_8)","decl":{"start":{"line":73,"column":30},"end":{"line":73,"column":48}},"loc":{"start":{"line":73,"column":48},"end":{"line":75,"column":7}},"line":73}},"branchMap":{"0":{"loc":{"start":{"line":35,"column":44},"end":{"line":35,"column":60}},"type":"default-arg","locations":[{"start":{"line":35,"column":57},"end":{"line":35,"column":60}}],"line":35},"1":{"loc":{"start":{"line":35,"column":60},"end":{"line":35,"column":83}},"type":"default-arg","locations":[{"start":{"line":35,"column":74},"end":{"line":35,"column":83}}],"line":35},"2":{"loc":{"start":{"line":45,"column":16},"end":{"line":45,"column":null}},"type":"cond-expr","locations":[{"start":{"line":45,"column":39},"end":{"line":45,"column":53}},{"start":{"line":45,"column":53},"end":{"line":45,"column":null}}],"line":45},"3":{"loc":{"start":{"line":51,"column":4},"end":{"line":52,"column":null}},"type":"if","locations":[{"start":{"line":51,"column":4},"end":{"line":52,"column":null}},{"start":{},"end":{}}],"line":51},"4":{"loc":{"start":{"line":57,"column":4},"end":{"line":62,"column":null}},"type":"if","locations":[{"start":{"line":57,"column":4},"end":{"line":62,"column":null}},{"start":{},"end":{}}],"line":57},"5":{"loc":{"start":{"line":61,"column":6},"end":{"line":62,"column":null}},"type":"if","locations":[{"start":{"line":61,"column":6},"end":{"line":62,"column":null}},{"start":{},"end":{}}],"line":61},"6":{"loc":{"start":{"line":61,"column":10},"end":{"line":61,"column":54}},"type":"binary-expr","locations":[{"start":{"line":61,"column":10},"end":{"line":61,"column":23}},{"start":{"line":61,"column":23},"end":{"line":61,"column":54}}],"line":61},"7":{"loc":{"start":{"line":68,"column":4},"end":{"line":69,"column":null}},"type":"if","locations":[{"start":{"line":68,"column":4},"end":{"line":69,"column":null}},{"start":{},"end":{}}],"line":68}},"s":{"0":1,"1":13,"2":1,"3":11,"4":11,"5":11,"6":11,"7":11,"8":7,"9":7,"10":11,"11":2,"12":2,"13":2,"14":2,"15":11,"16":3,"17":2,"18":11,"19":5,"20":4,"21":4,"22":4,"23":3,"24":11,"25":2,"26":1,"27":11,"28":28,"29":11},"f":{"0":13,"1":11,"2":7,"3":2,"4":2,"5":3,"6":5,"7":2,"8":28},"b":{"0":[2],"1":[2],"2":[1,1],"3":[2,1],"4":[4,1],"5":[3,1],"6":[4,2],"7":[1,1]},"meta":{"lastBranch":8,"lastFunction":9,"lastStatement":30,"seen":{"s:3:6:3:44":0,"s:5:13:5:62":1,"f:5:13:5:34":0,"s:7:13:97:Infinity":2,"f:7:13:7:34":1,"s:8:17:8:45":3,"s:9:22:13:4":4,"s:15:8:15:41":5,"s:16:8:22:4":6,"s:24:8:33:8":7,"f:24:24:24:42":2,"s:25:4:25:Infinity":8,"s:26:4:32:Infinity":9,"s:35:8:48:8":10,"f:35:23:35:36":3,"b:35:57:35:60":0,"b:35:74:35:83":1,"s:36:4:36:Infinity":11,"s:37:21:37:Infinity":12,"s:39:4:47:Infinity":13,"f:39:4:39:19":4,"s:39:28:47:7":14,"b:45:39:45:53:45:53:45:Infinity":2,"s:50:8:54:8":15,"f:50:22:50:40":5,"b:51:4:52:Infinity:undefined:undefined:undefined:undefined":3,"s:51:4:52:Infinity":16,"s:52:6:52:Infinity":17,"s:56:8:65:8":18,"f:56:26:56:39":6,"b:57:4:62:Infinity:undefined:undefined:undefined:undefined":4,"s:57:4:62:Infinity":19,"s:59:23:59:Infinity":20,"s:60:18:60:28":21,"b:61:6:62:Infinity:undefined:undefined:undefined:undefined":5,"s:61:6:62:Infinity":22,"b:61:10:61:23:61:23:61:54":6,"s:62:8:62:Infinity":23,"s:67:8:71:8":24,"f:67:22:67:35":7,"b:68:4:69:Infinity:undefined:undefined:undefined:undefined":7,"s:68:4:69:Infinity":25,"s:69:6:69:Infinity":26,"s:73:8:75:8":27,"f:73:30:73:48":8,"s:74:4:74:Infinity":28,"s:77:2:97:Infinity":29}}}
}
